2021-04-29 09:11:15,083 INFO o.a.j.u.JMeterUtils: Setting Locale to en_EN
2021-04-29 09:11:15,101 INFO o.a.j.JMeter: Loading user properties from: /usr/local/Cellar/jmeter/5.4.1/libexec/bin/user.properties
2021-04-29 09:11:15,101 INFO o.a.j.JMeter: Loading system properties from: /usr/local/Cellar/jmeter/5.4.1/libexec/bin/system.properties
2021-04-29 09:11:15,105 INFO o.a.j.JMeter: Copyright (c) 1998-2021 The Apache Software Foundation
2021-04-29 09:11:15,105 INFO o.a.j.JMeter: Version 5.4.1
2021-04-29 09:11:15,106 INFO o.a.j.JMeter: java.version=15.0.2
2021-04-29 09:11:15,106 INFO o.a.j.JMeter: java.vm.name=OpenJDK 64-Bit Server VM
2021-04-29 09:11:15,106 INFO o.a.j.JMeter: os.name=Mac OS X
2021-04-29 09:11:15,106 INFO o.a.j.JMeter: os.arch=x86_64
2021-04-29 09:11:15,106 INFO o.a.j.JMeter: os.version=11.2.1
2021-04-29 09:11:15,106 INFO o.a.j.JMeter: file.encoding=UTF-8
2021-04-29 09:11:15,106 INFO o.a.j.JMeter: java.awt.headless=null
2021-04-29 09:11:15,106 INFO o.a.j.JMeter: Max memory     =1073741824
2021-04-29 09:11:15,106 INFO o.a.j.JMeter: Available Processors =12
2021-04-29 09:11:15,112 INFO o.a.j.JMeter: Default Locale=English (EN)
2021-04-29 09:11:15,113 INFO o.a.j.JMeter: JMeter  Locale=English (EN)
2021-04-29 09:11:15,113 INFO o.a.j.JMeter: JMeterHome=/usr/local/Cellar/jmeter/5.4.1/libexec
2021-04-29 09:11:15,113 INFO o.a.j.JMeter: user.dir  =/Users/pablol/jmeterfun/apache-jmeter
2021-04-29 09:11:15,113 INFO o.a.j.JMeter: PWD       =/Users/pablol/jmeterfun/apache-jmeter
2021-04-29 09:11:15,142 INFO o.a.j.JMeter: IP: 10.100.10.160 Name: MBP-ZLJGH6-Pablol.local FullName: 10.100.10.160
2021-04-29 09:11:15,394 INFO o.a.j.JMeter: Setting LAF to: com.github.weisj.darklaf.DarkLaf:com.github.weisj.darklaf.theme.DarculaTheme
2021-04-29 09:11:16,189 INFO o.a.j.JMeter: Loaded icon properties from org/apache/jmeter/images/icon.properties
2021-04-29 09:11:17,066 INFO o.j.r.JARSourceHTTP: Found cached repo
2021-04-29 09:11:17,179 INFO o.j.r.PluginManager: Plugins Status: [jpgc-plugins-manager=1.6, jpgc-webdriver=3.3, websocket-samplers=1.2.8, jmeter-core=5.4.1, jmeter-ftp=5.4.1, jmeter-http=5.4.1, jmeter-jdbc=5.4.1, jmeter-jms=5.4.1, jmeter-junit=5.4.1, jmeter-java=5.4.1, jmeter-ldap=5.4.1, jmeter-mail=5.4.1, jmeter-mongodb=5.4.1, jmeter-native=5.4.1, jmeter-tcp=5.4.1, jmeter-components=5.4.1]
2021-04-29 09:12:16,171 INFO o.a.j.s.FileServer: Default base='/Users/pablol/jmeterfun/apache-jmeter'
2021-04-29 09:12:16,172 INFO o.a.j.s.FileServer: Set new base='/Users/pablol/jmeterfun/apache-jmeter'
2021-04-29 09:12:16,273 INFO o.a.j.s.SaveService: Testplan (JMX) version: 2.2. Testlog (JTL) version: 2.2
2021-04-29 09:12:16,278 INFO o.a.j.s.SaveService: Using SaveService properties version 5.0
2021-04-29 09:12:16,280 INFO o.a.j.s.SaveService: Using SaveService properties file encoding UTF-8
2021-04-29 11:37:51,956 INFO o.a.j.p.h.s.HTTPSamplerBase: Parser for text/html is org.apache.jmeter.protocol.http.parser.LagartoBasedHtmlParser
2021-04-29 11:37:51,957 INFO o.a.j.p.h.s.HTTPSamplerBase: Parser for application/xhtml+xml is org.apache.jmeter.protocol.http.parser.LagartoBasedHtmlParser
2021-04-29 11:37:51,957 INFO o.a.j.p.h.s.HTTPSamplerBase: Parser for application/xml is org.apache.jmeter.protocol.http.parser.LagartoBasedHtmlParser
2021-04-29 11:37:51,957 INFO o.a.j.p.h.s.HTTPSamplerBase: Parser for text/xml is org.apache.jmeter.protocol.http.parser.LagartoBasedHtmlParser
2021-04-29 11:37:51,957 INFO o.a.j.p.h.s.HTTPSamplerBase: Parser for text/vnd.wap.wml is org.apache.jmeter.protocol.http.parser.RegexpHTMLParser
2021-04-29 11:37:51,957 INFO o.a.j.p.h.s.HTTPSamplerBase: Parser for text/css is org.apache.jmeter.protocol.http.parser.CssParser
